<?xml version="1.0" encoding="UTF-8"?>
<testsuites name="New Test Suite" time="19.624" tests="1" failures="0" errors="0">
   <testsuite name="New Test Suite" tests="1" failures="0" errors="0" time="19.624" skipped="0" timestamp="2023-06-07 10:06:53" hostname="thanh.pnguyen - 10.10.34.51" id="Test Suites/New Test Suite">
      <properties>
         <property name="deviceName"/>
         <property name="devicePlatform" value="MAC"/>
         <property name="logFolder" value="/Users/thanh.pnguyen/Documents/Katalon/Browserstack_Demo/Reports/20230607_100639/New Test Suite/20230607_100639"/>
         <property name="logFiles" value="/Users/thanh.pnguyen/Documents/Katalon/Browserstack_Demo/Reports/20230607_100639/New Test Suite/20230607_100639/execution0.log"/>
         <property name="attachments" value=""/>
         <property name="hostName" value="thanh.pnguyen - 10.10.34.51"/>
         <property name="remoteDriverUrl" value="http://thanhnguyen_Ca1Yn4:6P7VJnQ49b435f8ahbWk@hub-cloud.browserstack.com/wd/hub"/>
         <property name="desiredCapabilities" value="{
  &quot;networkConnectionEnabled&quot;: false,
  &quot;chrome&quot;: {
    &quot;chromedriverVersion&quot;: &quot;113.0.5672.24 (65f30d4e8051264233c679c7cd3743679f15339d-refs/branch-heads/5672@{#243})&quot;,
    &quot;userDataDir&quot;: &quot;/var/folders/yj/h3bj394n2tn74bp3vdngj35c0000jy/T/.com.google.Chrome.Wol3bj&quot;
  },
  &quot;timeouts&quot;: {
    &quot;implicit&quot;: 0,
    &quot;pageLoad&quot;: 300000,
    &quot;script&quot;: 30000
  },
  &quot;pageLoadStrategy&quot;: &quot;normal&quot;,
  &quot;unhandledPromptBehavior&quot;: &quot;dismiss and notify&quot;,
  &quot;strictFileInteractability&quot;: false,
  &quot;platform&quot;: &quot;MAC&quot;,
  &quot;proxy&quot;: {
    &quot;proxyType&quot;: &quot;UNSPECIFIED&quot;,
    &quot;autodetect&quot;: false
  },
  &quot;webauthn:extension:minPinLength&quot;: true,
  &quot;goog:chromeOptions&quot;: {
    &quot;debuggerAddress&quot;: &quot;localhost:61795&quot;
  },
  &quot;webdriver.remote.sessionid&quot;: &quot;0e191454c7cf4e44cc12b1aed08e9cb7c49957c2&quot;,
  &quot;webauthn:extension:credBlob&quot;: true,
  &quot;webauthn:extension:prf&quot;: true,
  &quot;acceptInsecureCerts&quot;: false,
  &quot;browserVersion&quot;: &quot;113.0.5672.63&quot;,
  &quot;browserName&quot;: &quot;chrome&quot;,
  &quot;javascriptEnabled&quot;: true,
  &quot;platformName&quot;: &quot;MAC&quot;,
  &quot;setWindowRect&quot;: true,
  &quot;webauthn:extension:largeBlob&quot;: true,
  &quot;webauthn:virtualAuthenticators&quot;: true
}"/>
         <property name="os" value="Mac OS X 64bit"/>
         <property name="katalonVersion" value="8.6.5.208"/>
         <property name="browser" value="Chrome 113.0.0.0"/>
         <property name="hostAddress" value="10.10.34.51"/>
         <property name="sessionId" value="0e191454c7cf4e44cc12b1aed08e9cb7c49957c2"/>
         <property name="seleniumVersion" value="3.141.59"/>
         <property name="proxyInformation" value="ProxyInformation { proxyOption=NO_PROXY, proxyServerType=HTTP, username=, password=********, proxyServerAddress=, proxyServerPort=0, executionList=&quot;&quot;, isApplyToDesiredCapabilities=true }"/>
         <property name="platform" value="Mac OS X"/>
      </properties>
      <testcase name="Test Cases/BrowserStack Test/Browserstack_Web" time="19.178" classname="Test Cases/BrowserStack Test/Browserstack_Web" status="PASSED">
         <system-out><![CDATA[2023-06-07 10:06:53 - [TEST_CASE][PASSED] - Test Cases/BrowserStack Test/Browserstack_Web: Test Cases/BrowserStack Test/Browserstack_Web

2023-06-07 10:06:54 - [TEST_STEP][PASSED] - openBrowser(""): Browser is opened with url: ''

2023-06-07 10:06:54 - [MESSAGE][INFO] - User set preference: ['os', 'OS X']

2023-06-07 10:06:54 - [MESSAGE][INFO] - User set preference: ['os_version', 'Monterey']

2023-06-07 10:06:54 - [MESSAGE][INFO] - User set preference: ['browser', 'Chrome']

2023-06-07 10:06:54 - [MESSAGE][INFO] - User set preference: ['browser_version', '113.0']

2023-06-07 10:06:54 - [MESSAGE][INFO] - User set preference: ['debug', 'true']

2023-06-07 10:06:54 - [MESSAGE][INFO] - User set preference: ['networkLogs', 'true']

2023-06-07 10:06:54 - [MESSAGE][INFO] - Connecting to remote web server 'hub-cloud.browserstack.com/wd/hub' with type 'Selenium'

2023-06-07 10:06:54 - [MESSAGE][INFO] - Action delay is set to 0 milliseconds

2023-06-07 10:07:04 - [MESSAGE][PASSED] - Browser is opened with url: ''

2023-06-07 10:07:04 - [TEST_STEP][PASSED] - navigateToUrl("https://katalon-demo-cura.herokuapp.com/"): Navigate to 'https://katalon-demo-cura.herokuapp.com/' successfully

2023-06-07 10:07:06 - [MESSAGE][PASSED] - Navigate to 'https://katalon-demo-cura.herokuapp.com/' successfully

2023-06-07 10:07:06 - [TEST_STEP][PASSED] - click(findTestObject("Web Browser/a_Make Appointment")): Object: 'Object Repository/Web Browser/a_Make Appointment' is clicked on

2023-06-07 10:07:08 - [MESSAGE][PASSED] - Object: 'Object Repository/Web Browser/a_Make Appointment' is clicked on

2023-06-07 10:07:08 - [TEST_STEP][PASSED] - setText(findTestObject("Web Browser/input_Username_username"), "John Doe"): Text 'John Doe' is set on object 'Object Repository/Web Browser/input_Username_username'

2023-06-07 10:07:10 - [MESSAGE][PASSED] - Text 'John Doe' is set on object 'Object Repository/Web Browser/input_Username_username'

2023-06-07 10:07:10 - [TEST_STEP][PASSED] - setEncryptedText(findTestObject("Web Browser/input_Password_password"), "g3/DOGG74jC3Flrr3yH+3D/yKbOqqUNM"): Text ****** has been set on object 'Object Repository/Web Browser/input_Password_password'

2023-06-07 10:07:11 - [MESSAGE][PASSED] - Text ****** has been set on object 'Object Repository/Web Browser/input_Password_password'

2023-06-07 10:07:11 - [TEST_STEP][PASSED] - click(findTestObject("Web Browser/button_Login")): Object: 'Object Repository/Web Browser/button_Login' is clicked on

2023-06-07 10:07:12 - [MESSAGE][PASSED] - Object: 'Object Repository/Web Browser/button_Login' is clicked on]]></system-out>
         <system-err><![CDATA[]]></system-err>
      </testcase>
      <system-out><![CDATA[2023-06-07 10:06:53 - [TEST_SUITE][PASSED] - New Test Suite: Test Cases/BrowserStack Test/Browserstack_Web]]></system-out>
      <system-err><![CDATA[]]></system-err>
   </testsuite>
</testsuites>
