<?xml version="1.0" encoding="UTF-8"?>
<testsuites name="New Test Suite" time="42.698" tests="1" failures="0" errors="0">
   <testsuite name="New Test Suite" tests="1" failures="0" errors="0" time="42.698" skipped="0" timestamp="2023-04-27 16:51:58" hostname="thanh.pnguyen - 192.168.101.211" id="Test Suites/New Test Suite">
      <properties>
         <property name="deviceName" value=""/>
         <property name="devicePlatform" value=""/>
         <property name="logFolder" value="/Users/thanh.pnguyen/Documents/Katalon/BrowserStack android testing/Reports/20230427_165121/New Test Suite/20230427_165137"/>
         <property name="logFiles" value="/Users/thanh.pnguyen/Documents/Katalon/BrowserStack android testing/Reports/20230427_165121/New Test Suite/20230427_165137/execution0.log"/>
         <property name="attachments" value=""/>
         <property name="hostName" value="thanh.pnguyen - 192.168.101.211"/>
         <property name="desiredCapabilities" value="{
  &quot;app&quot;: &quot;bs://618ebd7694bc82259800965884e7603095da3df1&quot;,
  &quot;device&quot;: &quot;Samsung Galaxy S20&quot;,
  &quot;os_version&quot;: &quot;10&quot;
}"/>
         <property name="remoteDriverUrl" value="http://thanhnguyenphuon_VJvmf7:uDtBsEecWZhYNZGYYG75@hub-cloud.browserstack.com/wd/hub"/>
         <property name="os" value="Mac OS X 64bit"/>
         <property name="appiumServerStatus" value="{&quot;status&quot;:0,&quot;sessionId&quot;:null,&quot;value&quot;:{&quot;build&quot;:{&quot;time&quot;:&quot;2015-02-26 23:59:50&quot;,&quot;version&quot;:&quot;2.45.0&quot;,&quot;revision&quot;:&quot;5017cb8&quot;}},&quot;state&quot;:&quot;success&quot;}"/>
         <property name="katalonVersion" value="8.5.5.208"/>
         <property name="appiumVersion" value="2.45.0"/>
         <property name="hostAddress" value="192.168.101.211"/>
      </properties>
      <testcase name="Test Cases/Browser stack" time="42.074" classname="Test Cases/Browser stack" status="PASSED">
         <system-out><![CDATA[2023-04-27 16:51:59 - [TEST_CASE][PASSED] - Test Cases/Browser stack: Test Cases/Browser stack

2023-04-27 16:51:59 - [TEST_STEP][PASSED] - Start listener action : enableSauceLabs: [SAUCELABS] Saucelabs Plugin will not attempt to auto update job status and information !

2023-04-27 16:51:59 - [MESSAGE][INFO] - [SAUCELABS] Current run configuration: Remote - http://thanhnguyenphuon_VJvmf7:uDtBsEecWZhYNZGYYG75@hub-cloud.browserstack.com/wd/hub

2023-04-27 16:51:59 - [MESSAGE][INFO] - [SAUCELABS] Saucelabs Plugin will not attempt to auto update job status and information !

2023-04-27 16:51:59 - [TEST_STEP][PASSED] - startApplication("bs://618ebd7694bc82259800965884e7603095da3df1", true): Started app at: 'bs://618ebd7694bc82259800965884e7603095da3df1'

2023-04-27 16:52:31 - [MESSAGE][PASSED] - Started app at: 'bs://618ebd7694bc82259800965884e7603095da3df1'

2023-04-27 16:52:31 - [TEST_STEP][PASSED] - tap(findTestObject("Object Repository/Browserstack1/android.widget.Button - TEST TOUCH"), 0): Tapped on element 'Object Repository/Browserstack1/android.widget.Button - TEST TOUCH'

2023-04-27 16:52:32 - [MESSAGE][WARNING] - Timeout '0' is invalid. Using default page load timeout: '30'

2023-04-27 16:52:34 - [MESSAGE][PASSED] - Tapped on element 'Object Repository/Browserstack1/android.widget.Button - TEST TOUCH'

2023-04-27 16:52:34 - [TEST_STEP][PASSED] - tap(findTestObject("Object Repository/Browserstack1/android.widget.Button - COUNT UP"), 0): Tapped on element 'Object Repository/Browserstack1/android.widget.Button - COUNT UP'

2023-04-27 16:52:34 - [MESSAGE][WARNING] - Timeout '0' is invalid. Using default page load timeout: '30'

2023-04-27 16:52:37 - [MESSAGE][PASSED] - Tapped on element 'Object Repository/Browserstack1/android.widget.Button - COUNT UP'

2023-04-27 16:52:37 - [TEST_STEP][PASSED] - pressBack(): Press back button successfully

2023-04-27 16:52:39 - [MESSAGE][PASSED] - Press back button successfully

2023-04-27 16:52:39 - [TEST_STEP][PASSED] - closeApplication(): Close app successfully

2023-04-27 16:52:41 - [MESSAGE][PASSED] - Close app successfully

2023-04-27 16:52:41 - [TEST_STEP][PASSED] - Start listener action : autoUpdateJobStatus: [SAUCELABS] Current run configuration: Remote - http://thanhnguyenphuon_VJvmf7:uDtBsEecWZhYNZGYYG75@hub-cloud.browserstack.com/wd/hub

2023-04-27 16:52:41 - [MESSAGE][INFO] - [SAUCELABS] Current run configuration: Remote - http://thanhnguyenphuon_VJvmf7:uDtBsEecWZhYNZGYYG75@hub-cloud.browserstack.com/wd/hub]]></system-out>
         <system-err><![CDATA[]]></system-err>
      </testcase>
      <system-out><![CDATA[2023-04-27 16:51:58 - [TEST_SUITE][PASSED] - New Test Suite: Test Cases/Browser stack]]></system-out>
      <system-err><![CDATA[]]></system-err>
   </testsuite>
</testsuites>
