<?xml version="1.0" encoding="UTF-8"?>
<testsuites name="New Test Suite" time="58.014" tests="1" failures="0" errors="0">
   <testsuite name="New Test Suite" tests="1" failures="0" errors="0" time="58.014" skipped="0" timestamp="2023-04-27 16:44:26" hostname="thanh.pnguyen - 192.168.101.211" id="Test Suites/New Test Suite">
      <properties>
         <property name="deviceName" value=""/>
         <property name="devicePlatform" value=""/>
         <property name="logFolder" value="/Users/thanh.pnguyen/Documents/Katalon/BrowserStack android testing/Reports/20230427_164330/New Test Suite/20230427_164404"/>
         <property name="logFiles" value="/Users/thanh.pnguyen/Documents/Katalon/BrowserStack android testing/Reports/20230427_164330/New Test Suite/20230427_164404/execution0.log"/>
         <property name="attachments" value=""/>
         <property name="hostName" value="thanh.pnguyen - 192.168.101.211"/>
         <property name="desiredCapabilities" value="{
  &quot;app&quot;: &quot;bs://618ebd7694bc82259800965884e7603095da3df1&quot;,
  &quot;device&quot;: &quot;Samsung Galaxy S20&quot;,
  &quot;os_version&quot;: &quot;10&quot;
}"/>
         <property name="remoteDriverUrl" value="http://thanhnguyenphuon_VJvmf7:uDtBsEecWZhYNZGYYG75@hub-cloud.browserstack.com/wd/hub"/>
         <property name="os" value="Mac OS X 64bit"/>
         <property name="appiumServerStatus" value="{&quot;status&quot;:0,&quot;sessionId&quot;:null,&quot;value&quot;:{&quot;build&quot;:{&quot;time&quot;:&quot;2015-02-26 23:59:50&quot;,&quot;version&quot;:&quot;2.45.0&quot;,&quot;revision&quot;:&quot;5017cb8&quot;}},&quot;state&quot;:&quot;success&quot;}"/>
         <property name="katalonVersion" value="8.5.5.208"/>
         <property name="appiumVersion" value="2.45.0"/>
         <property name="hostAddress" value="192.168.101.211"/>
      </properties>
      <testcase name="Test Cases/Browser stack" time="57.441" classname="Test Cases/Browser stack" status="PASSED">
         <system-out><![CDATA[2023-04-27 16:44:26 - [TEST_CASE][PASSED] - Test Cases/Browser stack: Test Cases/Browser stack

2023-04-27 16:44:27 - [TEST_STEP][PASSED] - Start listener action : enableSauceLabs: [SAUCELABS] Saucelabs Plugin will not attempt to auto update job status and information !

2023-04-27 16:44:27 - [MESSAGE][INFO] - [SAUCELABS] Current run configuration: Remote - http://thanhnguyenphuon_VJvmf7:uDtBsEecWZhYNZGYYG75@hub-cloud.browserstack.com/wd/hub

2023-04-27 16:44:27 - [MESSAGE][INFO] - [SAUCELABS] Saucelabs Plugin will not attempt to auto update job status and information !

2023-04-27 16:44:27 - [TEST_STEP][PASSED] - settingsPath = "": null

2023-04-27 16:44:27 - [TEST_STEP][PASSED] - settingsPath = getProjectDir() + "/settings/internal/com.kms.katalon.core.webui.remote.properties": null

2023-04-27 16:44:27 - [TEST_STEP][PASSED] - remoteContents = text: null

2023-04-27 16:44:27 - [TEST_STEP][PASSED] - json = JsonSlurper().parseText(remoteContents): null

2023-04-27 16:44:27 - [TEST_STEP][PASSED] - capabilities = new org.openqa.selenium.remote.DesiredCapabilities(): null

2023-04-27 16:44:27 - [TEST_STEP][PASSED] - REMOTE_WEB_DRIVER.each({ java.lang.Object key, java.lang.Object value -> ... }): Using remoteMobileDriver with value is: ANDROID_DRIVER

2023-04-27 16:44:27 - [MESSAGE][INFO] - Using device with value is: Samsung Galaxy S20

2023-04-27 16:44:27 - [MESSAGE][INFO] - Using os_version with value is: 10

2023-04-27 16:44:27 - [MESSAGE][INFO] - Using remoteMobileDriver with value is: ANDROID_DRIVER

2023-04-27 16:44:27 - [TEST_STEP][PASSED] - createMobileDriver(ANDROID_DRIVER, capabilities, new java.net.URL(json.REMOTE_WEB_DRIVER.remoteWebDriverUrl)): null

2023-04-27 16:44:48 - [TEST_STEP][PASSED] - startApplication("bs://618ebd7694bc82259800965884e7603095da3df1", true): Started app at: 'bs://618ebd7694bc82259800965884e7603095da3df1'

2023-04-27 16:45:15 - [MESSAGE][PASSED] - Started app at: 'bs://618ebd7694bc82259800965884e7603095da3df1'

2023-04-27 16:45:15 - [TEST_STEP][PASSED] - tap(findTestObject("Object Repository/Browserstack1/android.widget.Button - TEST TOUCH"), 0): Tapped on element 'Object Repository/Browserstack1/android.widget.Button - TEST TOUCH'

2023-04-27 16:45:15 - [MESSAGE][WARNING] - Timeout '0' is invalid. Using default page load timeout: '30'

2023-04-27 16:45:17 - [MESSAGE][PASSED] - Tapped on element 'Object Repository/Browserstack1/android.widget.Button - TEST TOUCH'

2023-04-27 16:45:17 - [TEST_STEP][PASSED] - tap(findTestObject("Object Repository/Browserstack1/android.widget.Button - COUNT UP"), 0): Tapped on element 'Object Repository/Browserstack1/android.widget.Button - COUNT UP'

2023-04-27 16:45:18 - [MESSAGE][WARNING] - Timeout '0' is invalid. Using default page load timeout: '30'

2023-04-27 16:45:20 - [MESSAGE][PASSED] - Tapped on element 'Object Repository/Browserstack1/android.widget.Button - COUNT UP'

2023-04-27 16:45:20 - [TEST_STEP][PASSED] - pressBack(): Press back button successfully

2023-04-27 16:45:22 - [MESSAGE][PASSED] - Press back button successfully

2023-04-27 16:45:22 - [TEST_STEP][PASSED] - closeApplication(): Close app successfully

2023-04-27 16:45:24 - [MESSAGE][PASSED] - Close app successfully

2023-04-27 16:45:24 - [TEST_STEP][PASSED] - Start listener action : autoUpdateJobStatus: [SAUCELABS] Current run configuration: Remote - http://thanhnguyenphuon_VJvmf7:uDtBsEecWZhYNZGYYG75@hub-cloud.browserstack.com/wd/hub

2023-04-27 16:45:24 - [MESSAGE][INFO] - [SAUCELABS] Current run configuration: Remote - http://thanhnguyenphuon_VJvmf7:uDtBsEecWZhYNZGYYG75@hub-cloud.browserstack.com/wd/hub]]></system-out>
         <system-err><![CDATA[]]></system-err>
      </testcase>
      <system-out><![CDATA[2023-04-27 16:44:26 - [TEST_SUITE][PASSED] - New Test Suite: Test Cases/Browser stack]]></system-out>
      <system-err><![CDATA[]]></system-err>
   </testsuite>
</testsuites>
