<?xml version="1.0" encoding="UTF-8"?>
<testsuites name="New Test Suite" time="32.938" tests="1" failures="0" errors="0">
   <testsuite name="New Test Suite" tests="1" failures="0" errors="0" time="32.938" skipped="0" timestamp="2023-06-07 12:19:09" hostname="thanh.pnguyen - 10.10.34.51" id="Test Suites/New Test Suite">
      <properties>
         <property name="deviceName" value=""/>
         <property name="devicePlatform" value=""/>
         <property name="logFolder" value="/Users/thanh.pnguyen/Documents/Katalon/Browserstack_Demo/Reports/20230607_121846/New Test Suite/20230607_121846"/>
         <property name="logFiles" value="/Users/thanh.pnguyen/Documents/Katalon/Browserstack_Demo/Reports/20230607_121846/New Test Suite/20230607_121846/execution0.log"/>
         <property name="attachments" value=""/>
         <property name="hostName" value="thanh.pnguyen - 10.10.34.51"/>
         <property name="remoteDriverUrl" value="http://thanhnguyen_Ca1Yn4:6P7VJnQ49b435f8ahbWk@hub-cloud.browserstack.com/wd/hub"/>
         <property name="desiredCapabilities" value="{
  &quot;acceptInsecureCerts&quot;: false,
  &quot;browserName&quot;: &quot;msedge&quot;,
  &quot;browserVersion&quot;: &quot;112.0.1722.46&quot;,
  &quot;javascriptEnabled&quot;: true,
  &quot;ms:edgeOptions&quot;: {
    &quot;debuggerAddress&quot;: &quot;localhost:63939&quot;
  },
  &quot;msedge&quot;: {
    &quot;msedgedriverVersion&quot;: &quot;112.0.1722.34 (649b7446f96f116d8dc7d1c2d92d06583649e244)&quot;,
    &quot;userDataDir&quot;: &quot;/var/folders/yj/h3bj394n2tn74bp3vdngj35c0000jy/T/.com.microsoft.edgemac.wG3cGY&quot;
  },
  &quot;networkConnectionEnabled&quot;: false,
  &quot;pageLoadStrategy&quot;: &quot;normal&quot;,
  &quot;platform&quot;: &quot;MAC&quot;,
  &quot;platformName&quot;: &quot;MAC&quot;,
  &quot;proxy&quot;: {
    &quot;proxyType&quot;: &quot;UNSPECIFIED&quot;,
    &quot;autodetect&quot;: false
  },
  &quot;setWindowRect&quot;: true,
  &quot;strictFileInteractability&quot;: false,
  &quot;timeouts&quot;: {
    &quot;implicit&quot;: 0,
    &quot;pageLoad&quot;: 300000,
    &quot;script&quot;: 30000
  },
  &quot;unhandledPromptBehavior&quot;: &quot;dismiss and notify&quot;,
  &quot;webauthn:extension:credBlob&quot;: true,
  &quot;webauthn:extension:largeBlob&quot;: true,
  &quot;webauthn:extension:minPinLength&quot;: true,
  &quot;webauthn:extension:prf&quot;: true,
  &quot;webauthn:virtualAuthenticators&quot;: true,
  &quot;webdriver.remote.sessionid&quot;: &quot;f68e621d78c1ff292c07c68fc0db9d87629ac040&quot;
}"/>
         <property name="os" value="Mac OS X 64bit"/>
         <property name="katalonVersion" value="8.4.1.208"/>
         <property name="browser" value="Edge Chromium 112"/>
         <property name="hostAddress" value="10.10.34.51"/>
         <property name="sessionId" value="f68e621d78c1ff292c07c68fc0db9d87629ac040"/>
         <property name="seleniumVersion" value="3.141.59"/>
         <property name="proxyInformation" value="ProxyInformation { proxyOption=NO_PROXY, proxyServerType=HTTP, username=, password=********, proxyServerAddress=, proxyServerPort=0, executionList=&quot;&quot;, isApplyToDesiredCapabilities=true }"/>
         <property name="platform" value="Mac OS X"/>
      </properties>
      <testcase name="Test Cases/BrowserStack Test/Browserstack_Web" time="32.517" classname="Test Cases/BrowserStack Test/Browserstack_Web" status="PASSED">
         <system-out><![CDATA[2023-06-07 12:19:10 - [TEST_CASE][PASSED] - Test Cases/BrowserStack Test/Browserstack_Web: Test Cases/BrowserStack Test/Browserstack_Web

2023-06-07 12:19:10 - [TEST_STEP][PASSED] - openBrowser(""): Browser is opened with url: ''

2023-06-07 12:19:10 - [MESSAGE][INFO] - User set preference: ['os', 'OS X']

2023-06-07 12:19:10 - [MESSAGE][INFO] - User set preference: ['os_version', 'Monterey']

2023-06-07 12:19:10 - [MESSAGE][INFO] - User set preference: ['browserName', 'Edge']

2023-06-07 12:19:10 - [MESSAGE][INFO] - User set preference: ['browser_version', '112.0']

2023-06-07 12:19:10 - [MESSAGE][INFO] - User set preference: ['debug', 'true']

2023-06-07 12:19:10 - [MESSAGE][INFO] - User set preference: ['networkLogs', 'true']

2023-06-07 12:19:10 - [MESSAGE][INFO] - Connecting to remote web server 'hub-cloud.browserstack.com/wd/hub' with type 'Selenium'

2023-06-07 12:19:11 - [MESSAGE][INFO] - Action delay is set to 0 milliseconds

2023-06-07 12:19:30 - [MESSAGE][PASSED] - Browser is opened with url: ''

2023-06-07 12:19:30 - [TEST_STEP][PASSED] - navigateToUrl("https://katalon-demo-cura.herokuapp.com/"): Navigate to 'https://katalon-demo-cura.herokuapp.com/' successfully

2023-06-07 12:19:34 - [MESSAGE][PASSED] - Navigate to 'https://katalon-demo-cura.herokuapp.com/' successfully

2023-06-07 12:19:34 - [TEST_STEP][PASSED] - click(findTestObject("Web Browser/a_Make Appointment")): Object: 'Object Repository/Web Browser/a_Make Appointment' is clicked on

2023-06-07 12:19:38 - [MESSAGE][PASSED] - Object: 'Object Repository/Web Browser/a_Make Appointment' is clicked on

2023-06-07 12:19:38 - [TEST_STEP][PASSED] - setText(findTestObject("Web Browser/input_Username_username"), "John Doe"): Text 'John Doe' is set on object 'Object Repository/Web Browser/input_Username_username'

2023-06-07 12:19:39 - [MESSAGE][PASSED] - Text 'John Doe' is set on object 'Object Repository/Web Browser/input_Username_username'

2023-06-07 12:19:39 - [TEST_STEP][PASSED] - setEncryptedText(findTestObject("Web Browser/input_Password_password"), "g3/DOGG74jC3Flrr3yH+3D/yKbOqqUNM"): Text ****** has been set on object 'Object Repository/Web Browser/input_Password_password'

2023-06-07 12:19:41 - [MESSAGE][PASSED] - Text ****** has been set on object 'Object Repository/Web Browser/input_Password_password'

2023-06-07 12:19:41 - [TEST_STEP][PASSED] - click(findTestObject("Web Browser/button_Login")): Object: 'Object Repository/Web Browser/button_Login' is clicked on

2023-06-07 12:19:42 - [MESSAGE][PASSED] - Object: 'Object Repository/Web Browser/button_Login' is clicked on]]></system-out>
         <system-err><![CDATA[]]></system-err>
      </testcase>
      <system-out><![CDATA[2023-06-07 12:19:09 - [TEST_SUITE][PASSED] - New Test Suite: Test Cases/BrowserStack Test/Browserstack_Web]]></system-out>
      <system-err><![CDATA[]]></system-err>
   </testsuite>
</testsuites>
